<?xml version="1.0" encoding="UTF-8"?>
<!-- Generated by org.testng.reporters.JUnitReportReporter -->
<testsuite skipped="0" hostname="YELLAB2-L1" name="com.rise.testcases.AddCustomerTest" tests="4" failures="0" timestamp="16 May 2018 10:04:11 GMT" time="3.342" errors="0">
  <testcase name="addCustomer" time="1.231" classname="com.rise.testcases.AddCustomerTest"/>
  <testcase name="addCustomer" time="0.749" classname="com.rise.testcases.AddCustomerTest"/>
  <testcase name="addCustomer" time="0.640" classname="com.rise.testcases.AddCustomerTest"/>
  <testcase name="addCustomer" time="0.722" classname="com.rise.testcases.AddCustomerTest"/>
</testsuite> <!-- com.rise.testcases.AddCustomerTest -->
