<?xml version="1.0" encoding="UTF-8"?>
<!-- Generated by org.testng.reporters.JUnitReportReporter -->
<testsuite skipped="0" hostname="YELLAB2-L1" name="com.rise.testcases.LoginTest" tests="1" failures="0" timestamp="15 May 2018 09:50:20 GMT" time="3.467" errors="0">
  <testcase name="loginAsBankManager" time="3.467" classname="com.rise.testcases.LoginTest"/>
</testsuite> <!-- com.rise.testcases.LoginTest -->
