<?xml version="1.0" encoding="UTF-8"?>
<!-- Generated by org.testng.reporters.JUnitReportReporter -->
<testsuite skipped="0" hostname="YELLAB2-L1" name="com.rise.testcases.AddCustomerTest" tests="4" failures="0" timestamp="25 Jul 2018 05:15:07 GMT" time="2.904" errors="0">
  <testcase name="addCustomer" time="0.578" classname="com.rise.testcases.AddCustomerTest"/>
  <testcase name="addCustomer" time="0.593" classname="com.rise.testcases.AddCustomerTest"/>
  <testcase name="addCustomer" time="1.108" classname="com.rise.testcases.AddCustomerTest"/>
  <testcase name="addCustomer" time="0.625" classname="com.rise.testcases.AddCustomerTest"/>
</testsuite> <!-- com.rise.testcases.AddCustomerTest -->
