<?xml version="1.0" encoding="UTF-8"?>
<!-- Generated by org.testng.reporters.JUnitReportReporter -->
<testsuite skipped="0" hostname="YELLAB2-L1" name="com.rise.testcases.BankManagerLoginTest" tests="1" failures="0" timestamp="25 Jul 2018 05:15:07 GMT" time="3.760" errors="0">
  <testcase name="loginAsBankManager" time="3.760" classname="com.rise.testcases.BankManagerLoginTest"/>
</testsuite> <!-- com.rise.testcases.BankManagerLoginTest -->
